{
  "stats": {
    "suites": 6,
    "tests": 76,
    "passes": 45,
    "pending": 0,
    "failures": 31,
    "testsRegistered": 76,
    "passPercent": 59.21052631578947,
    "pendingPercent": 0,
    "other": 0,
    "hasOther": false,
    "skipped": 0,
    "hasSkipped": false,
    "start": "2024-04-05T15:05:51.297Z",
    "end": "2024-04-05T15:06:31.245Z",
    "duration": 39948
  },
  "results": [
    {
      "uuid": "c8f004c3-3679-4cc4-8826-42afb3d09a38",
      "title": "",
      "fullFile": "cypress\\e2e\\frontend\\add-product.cy.js",
      "file": "cypress\\e2e\\frontend\\add-product.cy.js",
      "beforeHooks": [],
      "afterHooks": [],
      "tests": [],
      "suites": [
        {
          "uuid": "e3949cc9-05c1-44ac-ba2b-e6ed51f2834c",
          "title": "Page /products/add",
          "fullFile": "",
          "file": "",
          "beforeHooks": [],
          "afterHooks": [],
          "tests": [
            {
              "title": "post product",
              "fullTitle": "Page /products/add post product",
              "timedOut": null,
              "duration": 870,
              "state": "failed",
              "speed": null,
              "pass": false,
              "fail": true,
              "pending": false,
              "context": null,
              "code": "// Note : Test le scénario d'un ajout de produit réussi\ncy.visit(url, {\n  onBeforeLoad: function (window) {\n    window.localStorage.setItem(\"token\", _tokens.aliceToken);\n  }\n});\n(0, _orm.createProduct)().then(({\n  originalProduct,\n  product\n}) => {\n  cy.get(\"[data-test-product-name]\").type(product.name);\n  cy.get(\"[data-test-product-description]\").type(product.description);\n  cy.get(\"[data-test-product-category]\").type(product.category);\n  cy.get(\"[data-test-product-price]\").type(product.originalPrice);\n  cy.get(\"[data-test-product-picture]\").type(\"{selectAll}{del}\");\n  cy.get(\"[data-test-product-picture]\").type(product.pictureUrl);\n  cy.get(\"[data-test-product-end-date]\").type((0, _automate.prepareDateToType)(originalProduct.endDate));\n  cy.intercept(\"POST\", \"http://localhost:3000/api/products\").as(\"postProduct\");\n  cy.get(\"[data-test-submit]\").click();\n  cy.wait(\"@postProduct\").then(interception => {\n    expect(interception.response.statusCode).to.eq(201);\n    const id = interception.response.body.id;\n    cy.url().should(\"contain\", `/products/${id}`);\n  });\n});",
              "err": {
                "message": "CypressError: `cy.visit()` failed trying to load:\n\nhttp://localhost:5173/products/add\n\nWe attempted to make an http request to this URL but the request failed without a response.\n\nWe received this error at the network level:\n\n  > Error: connect ECONNREFUSED 127.0.0.1:5173\n\nCommon situations why this would fail:\n  - you don't have internet access\n  - you forgot to run / boot your web server\n  - your web server isn't accessible\n  - you have weird network configuration settings on your computer",
                "estack": "CypressError: `cy.visit()` failed trying to load:\n\nhttp://localhost:5173/products/add\n\nWe attempted to make an http request to this URL but the request failed without a response.\n\nWe received this error at the network level:\n\n  > Error: connect ECONNREFUSED 127.0.0.1:5173\n\nCommon situations why this would fail:\n  - you don't have internet access\n  - you forgot to run / boot your web server\n  - your web server isn't accessible\n  - you have weird network configuration settings on your computer\n    at <unknown> (http://localhost:52490/__cypress/runner/cypress_runner.js:131065:74)\n    at visitFailedByErr (http://localhost:52490/__cypress/runner/cypress_runner.js:130463:12)\n    at <unknown> (http://localhost:52490/__cypress/runner/cypress_runner.js:131064:11)\n    at tryCatcher (http://localhost:52490/__cypress/runner/cypress_runner.js:1807:23)\n    at Promise._settlePromiseFromHandler (http://localhost:52490/__cypress/runner/cypress_runner.js:1519:31)\n    at Promise._settlePromise (http://localhost:52490/__cypress/runner/cypress_runner.js:1576:18)\n    at Promise._settlePromise0 (http://localhost:52490/__cypress/runner/cypress_runner.js:1621:10)\n    at Promise._settlePromises (http://localhost:52490/__cypress/runner/cypress_runner.js:1697:18)\n    at _drainQueueStep (http://localhost:52490/__cypress/runner/cypress_runner.js:2407:12)\n    at _drainQueue (http://localhost:52490/__cypress/runner/cypress_runner.js:2400:9)\n    at Async._drainQueues (http://localhost:52490/__cypress/runner/cypress_runner.js:2416:5)\n    at Async.drainQueues (http://localhost:52490/__cypress/runner/cypress_runner.js:2286:14)\nFrom Your Spec Code:\n    at Context.eval (webpack://frontend/./cypress/e2e/frontend/add-product.cy.js:15:7)\n\nFrom Node.js Internals:\n  Error: connect ECONNREFUSED 127.0.0.1:5173\n      at TCPConnectWrap.afterConnect [as oncomplete] (node:net:1495:16)",
                "diff": null
              },
              "uuid": "77c8d58f-2338-42f1-ac4d-0f1063fc79c5",
              "parentUUID": "e3949cc9-05c1-44ac-ba2b-e6ed51f2834c",
              "isHook": false,
              "skipped": false
            },
            {
              "title": "display spinner",
              "fullTitle": "Page /products/add display spinner",
              "timedOut": null,
              "duration": 803,
              "state": "failed",
              "speed": null,
              "pass": false,
              "fail": true,
              "pending": false,
              "context": null,
              "code": "// Note : Test la présence d'un spinner lors de l'envoi de la requête\ncy.visit(url, {\n  onBeforeLoad: function (window) {\n    window.localStorage.setItem(\"token\", _tokens.aliceToken);\n  }\n});\n(0, _orm.createProduct)().then(({\n  originalProduct,\n  product\n}) => {\n  cy.get(\"[data-test-product-name]\").type(product.name);\n  cy.get(\"[data-test-product-description]\").type(product.description);\n  cy.get(\"[data-test-product-category]\").type(product.category);\n  cy.get(\"[data-test-product-price]\").type(product.originalPrice);\n  cy.get(\"[data-test-product-picture]\").type(\"{selectAll}{del}\");\n  cy.get(\"[data-test-product-picture]\").type(product.pictureUrl);\n  cy.get(\"[data-test-product-end-date]\").type((0, _automate.prepareDateToType)(originalProduct.endDate));\n  cy.intercept(\"POST\", \"http://localhost:3000/api/products\", {\n    delay: 2000\n  }).as(\"postProduct\");\n  cy.get(\"[data-test-submit]\").click();\n  cy.get(\"[data-test-submit]\").should(\"have.attr\", \"disabled\");\n  cy.get(\"[data-test-spinner]\").should(\"exist\");\n});",
              "err": {
                "message": "CypressError: `cy.visit()` failed trying to load:\n\nhttp://localhost:5173/products/add\n\nWe attempted to make an http request to this URL but the request failed without a response.\n\nWe received this error at the network level:\n\n  > Error: connect ECONNREFUSED 127.0.0.1:5173\n\nCommon situations why this would fail:\n  - you don't have internet access\n  - you forgot to run / boot your web server\n  - your web server isn't accessible\n  - you have weird network configuration settings on your computer",
                "estack": "CypressError: `cy.visit()` failed trying to load:\n\nhttp://localhost:5173/products/add\n\nWe attempted to make an http request to this URL but the request failed without a response.\n\nWe received this error at the network level:\n\n  > Error: connect ECONNREFUSED 127.0.0.1:5173\n\nCommon situations why this would fail:\n  - you don't have internet access\n  - you forgot to run / boot your web server\n  - your web server isn't accessible\n  - you have weird network configuration settings on your computer\n    at <unknown> (http://localhost:52490/__cypress/runner/cypress_runner.js:131065:74)\n    at visitFailedByErr (http://localhost:52490/__cypress/runner/cypress_runner.js:130463:12)\n    at <unknown> (http://localhost:52490/__cypress/runner/cypress_runner.js:131064:11)\n    at tryCatcher (http://localhost:52490/__cypress/runner/cypress_runner.js:1807:23)\n    at Promise._settlePromiseFromHandler (http://localhost:52490/__cypress/runner/cypress_runner.js:1519:31)\n    at Promise._settlePromise (http://localhost:52490/__cypress/runner/cypress_runner.js:1576:18)\n    at Promise._settlePromise0 (http://localhost:52490/__cypress/runner/cypress_runner.js:1621:10)\n    at Promise._settlePromises (http://localhost:52490/__cypress/runner/cypress_runner.js:1697:18)\n    at _drainQueueStep (http://localhost:52490/__cypress/runner/cypress_runner.js:2407:12)\n    at _drainQueue (http://localhost:52490/__cypress/runner/cypress_runner.js:2400:9)\n    at Async._drainQueues (http://localhost:52490/__cypress/runner/cypress_runner.js:2416:5)\n    at Async.drainQueues (http://localhost:52490/__cypress/runner/cypress_runner.js:2286:14)\nFrom Your Spec Code:\n    at Context.eval (webpack://frontend/./cypress/e2e/frontend/add-product.cy.js:51:7)\n\nFrom Node.js Internals:\n  Error: connect ECONNREFUSED 127.0.0.1:5173\n      at TCPConnectWrap.afterConnect [as oncomplete] (node:net:1495:16)",
                "diff": null
              },
              "uuid": "5394e616-42d0-4dd8-b712-a77e681221ed",
              "parentUUID": "e3949cc9-05c1-44ac-ba2b-e6ed51f2834c",
              "isHook": false,
              "skipped": false
            },
            {
              "title": "display error",
              "fullTitle": "Page /products/add display error",
              "timedOut": null,
              "duration": 756,
              "state": "failed",
              "speed": null,
              "pass": false,
              "fail": true,
              "pending": false,
              "context": null,
              "code": "// Note : Test le scénario d'un ajout de produit avec un échec\ncy.visit(url, {\n  onBeforeLoad: function (window) {\n    window.localStorage.setItem(\"token\", _tokens.aliceToken);\n  }\n});\ncy.get(\"[data-test-error]\").should(\"not.exist\");\n(0, _orm.createProduct)().then(({\n  originalProduct,\n  product\n}) => {\n  cy.get(\"[data-test-product-name]\").type(product.name);\n  cy.get(\"[data-test-product-description]\").type(product.description);\n  cy.get(\"[data-test-product-category]\").type(product.category);\n  cy.get(\"[data-test-product-price]\").type(product.originalPrice);\n  cy.get(\"[data-test-product-picture]\").type(\"{selectAll}{del}\");\n  cy.get(\"[data-test-product-picture]\").type(product.pictureUrl);\n  cy.get(\"[data-test-product-end-date]\").type((0, _automate.prepareDateToType)(originalProduct.endDate));\n  cy.intercept(\"POST\", \"http://localhost:3000/api/products\", {\n    statusCode: 500\n  }).as(\"postProduct\");\n  cy.get(\"[data-test-submit]\").click();\n  cy.get(\"[data-test-error]\").should(\"exist\");\n});",
              "err": {
                "message": "CypressError: `cy.visit()` failed trying to load:\n\nhttp://localhost:5173/products/add\n\nWe attempted to make an http request to this URL but the request failed without a response.\n\nWe received this error at the network level:\n\n  > Error: connect ECONNREFUSED 127.0.0.1:5173\n\nCommon situations why this would fail:\n  - you don't have internet access\n  - you forgot to run / boot your web server\n  - your web server isn't accessible\n  - you have weird network configuration settings on your computer",
                "estack": "CypressError: `cy.visit()` failed trying to load:\n\nhttp://localhost:5173/products/add\n\nWe attempted to make an http request to this URL but the request failed without a response.\n\nWe received this error at the network level:\n\n  > Error: connect ECONNREFUSED 127.0.0.1:5173\n\nCommon situations why this would fail:\n  - you don't have internet access\n  - you forgot to run / boot your web server\n  - your web server isn't accessible\n  - you have weird network configuration settings on your computer\n    at <unknown> (http://localhost:52490/__cypress/runner/cypress_runner.js:131065:74)\n    at visitFailedByErr (http://localhost:52490/__cypress/runner/cypress_runner.js:130463:12)\n    at <unknown> (http://localhost:52490/__cypress/runner/cypress_runner.js:131064:11)\n    at tryCatcher (http://localhost:52490/__cypress/runner/cypress_runner.js:1807:23)\n    at Promise._settlePromiseFromHandler (http://localhost:52490/__cypress/runner/cypress_runner.js:1519:31)\n    at Promise._settlePromise (http://localhost:52490/__cypress/runner/cypress_runner.js:1576:18)\n    at Promise._settlePromise0 (http://localhost:52490/__cypress/runner/cypress_runner.js:1621:10)\n    at Promise._settlePromises (http://localhost:52490/__cypress/runner/cypress_runner.js:1697:18)\n    at _drainQueueStep (http://localhost:52490/__cypress/runner/cypress_runner.js:2407:12)\n    at _drainQueue (http://localhost:52490/__cypress/runner/cypress_runner.js:2400:9)\n    at Async._drainQueues (http://localhost:52490/__cypress/runner/cypress_runner.js:2416:5)\n    at Async.drainQueues (http://localhost:52490/__cypress/runner/cypress_runner.js:2286:14)\nFrom Your Spec Code:\n    at Context.eval (webpack://frontend/./cypress/e2e/frontend/add-product.cy.js:80:7)\n\nFrom Node.js Internals:\n  Error: connect ECONNREFUSED 127.0.0.1:5173\n      at TCPConnectWrap.afterConnect [as oncomplete] (node:net:1495:16)",
                "diff": null
              },
              "uuid": "c607aefc-c8f9-48dc-a5d6-a8b19f572eaa",
              "parentUUID": "e3949cc9-05c1-44ac-ba2b-e6ed51f2834c",
              "isHook": false,
              "skipped": false
            }
          ],
          "suites": [],
          "passes": [],
          "failures": [
            "77c8d58f-2338-42f1-ac4d-0f1063fc79c5",
            "5394e616-42d0-4dd8-b712-a77e681221ed",
            "c607aefc-c8f9-48dc-a5d6-a8b19f572eaa"
          ],
          "pending": [],
          "skipped": [],
          "duration": 2429,
          "root": false,
          "rootEmpty": false,
          "_timeout": 2000
        }
      ],
      "passes": [],
      "failures": [],
      "pending": [],
      "skipped": [],
      "duration": 0,
      "root": true,
      "rootEmpty": true,
      "_timeout": 2000
    },
    {
      "uuid": "877d82b3-5b89-45c0-acf0-f2108dd9a60f",
      "title": "",
      "fullFile": "cypress\\e2e\\frontend\\edit-product.cy.js",
      "file": "cypress\\e2e\\frontend\\edit-product.cy.js",
      "beforeHooks": [],
      "afterHooks": [],
      "tests": [],
      "suites": [
        {
          "uuid": "87d1dd33-9c80-43eb-9d57-400d32e2ab6d",
          "title": "Page /products/:productId/edit",
          "fullFile": "",
          "file": "",
          "beforeHooks": [],
          "afterHooks": [],
          "tests": [
            {
              "title": "post product",
              "fullTitle": "Page /products/:productId/edit post product",
              "timedOut": null,
              "duration": 162,
              "state": "passed",
              "speed": "fast",
              "pass": true,
              "fail": false,
              "pending": false,
              "context": null,
              "code": "(0, _orm.createProduct)().then(({\n  product\n}) => {\n  // Note : Test le scénario de modification de produit réussi\n  cy.visit(`http://localhost:5173/products/${product.id}/edit`, {\n    onBeforeLoad: function (window) {\n      window.localStorage.setItem(\"token\", _tokens.aliceToken);\n    }\n  });\n  const newProduct = (0, _orm.buildProduct)();\n  cy.get(\"[data-test-product-name]\").type(\"{selectAll}{del}\");\n  cy.get(\"[data-test-product-name]\").type(newProduct.name);\n  cy.get(\"[data-test-product-description]\").type(\"{selectAll}{del}\");\n  cy.get(\"[data-test-product-description]\").type(newProduct.description);\n  cy.get(\"[data-test-product-category]\").type(\"{selectAll}{del}\");\n  cy.get(\"[data-test-product-category]\").type(newProduct.category);\n  cy.get(\"[data-test-product-price]\").type(\"{selectAll}{del}\");\n  cy.get(\"[data-test-product-price]\").type(newProduct.originalPrice);\n  cy.get(\"[data-test-product-picture]\").type(\"{selectAll}{del}\");\n  cy.get(\"[data-test-product-picture]\").type(newProduct.pictureUrl);\n  cy.get(\"[data-test-product-end-date]\").type(\"{selectAll}{del}\");\n  cy.get(\"[data-test-product-end-date]\").type((0, _automate.prepareDateToType)(newProduct.endDate));\n  cy.intercept(\"PUT\", \"http://localhost:3000/api/products/\" + product.id).as(\"putProduct\");\n  cy.get(\"[data-test-submit]\").click();\n  cy.wait(\"@putProduct\").then(interception => {\n    expect(interception.response.statusCode).to.eq(200);\n    const id = interception.response.body.id;\n    cy.url().should(\"contain\", `/products/${id}`);\n  });\n});",
              "err": {},
              "uuid": "ac94f0a1-8f38-46e9-9ff3-f04689d1e390",
              "parentUUID": "87d1dd33-9c80-43eb-9d57-400d32e2ab6d",
              "isHook": false,
              "skipped": false
            },
            {
              "title": "display spinner",
              "fullTitle": "Page /products/:productId/edit display spinner",
              "timedOut": null,
              "duration": 114,
              "state": "passed",
              "speed": "fast",
              "pass": true,
              "fail": false,
              "pending": false,
              "context": null,
              "code": "// Note : Test la présence d'un spinner lors de l'envoi de la requête\n(0, _orm.createProduct)().then(({\n  product\n}) => {\n  cy.visit(`http://localhost:5173/products/${product.id}/edit`, {\n    onBeforeLoad: function (window) {\n      window.localStorage.setItem(\"token\", _tokens.aliceToken);\n    }\n  });\n  const newProduct = (0, _orm.buildProduct)();\n  cy.get(\"[data-test-product-name]\").type(\"{selectAll}{del}\");\n  cy.get(\"[data-test-product-name]\").type(newProduct.name);\n  cy.get(\"[data-test-product-description]\").type(\"{selectAll}{del}\");\n  cy.get(\"[data-test-product-description]\").type(newProduct.description);\n  cy.get(\"[data-test-product-category]\").type(\"{selectAll}{del}\");\n  cy.get(\"[data-test-product-category]\").type(newProduct.category);\n  cy.get(\"[data-test-product-price]\").type(\"{selectAll}{del}\");\n  cy.get(\"[data-test-product-price]\").type(newProduct.originalPrice);\n  cy.get(\"[data-test-product-picture]\").type(\"{selectAll}{del}\");\n  cy.get(\"[data-test-product-picture]\").type(newProduct.pictureUrl);\n  cy.get(\"[data-test-product-end-date]\").type(\"{selectAll}{del}\");\n  cy.get(\"[data-test-product-end-date]\").type((0, _automate.prepareDateToType)(newProduct.endDate));\n  cy.intercept(\"PUT\", \"http://localhost:3000/api/products/\" + product.id, {\n    delay: 2000\n  }).as(\"putProduct\");\n  cy.get(\"[data-test-submit]\").click();\n  cy.get(\"[data-test-submit]\").should(\"have.attr\", \"disabled\");\n  cy.get(\"[data-test-spinner]\").should(\"exist\");\n});",
              "err": {},
              "uuid": "a6e44eb2-9085-4860-af87-ed8eafe0c4ab",
              "parentUUID": "87d1dd33-9c80-43eb-9d57-400d32e2ab6d",
              "isHook": false,
              "skipped": false
            },
            {
              "title": "display error",
              "fullTitle": "Page /products/:productId/edit display error",
              "timedOut": null,
              "duration": 135,
              "state": "passed",
              "speed": "fast",
              "pass": true,
              "fail": false,
              "pending": false,
              "context": null,
              "code": "// Note : Test le scénario d'un ajout de produit avec un échec\n(0, _orm.createProduct)().then(({\n  product\n}) => {\n  cy.visit(`http://localhost:5173/products/${product.id}/edit`, {\n    onBeforeLoad: function (window) {\n      window.localStorage.setItem(\"token\", _tokens.aliceToken);\n    }\n  });\n  cy.get(\"[data-test-error]\").should(\"not.exist\");\n  const newProduct = (0, _orm.buildProduct)();\n  cy.get(\"[data-test-product-name]\").type(\"{selectAll}{del}\");\n  cy.get(\"[data-test-product-name]\").type(newProduct.name);\n  cy.get(\"[data-test-product-description]\").type(\"{selectAll}{del}\");\n  cy.get(\"[data-test-product-description]\").type(newProduct.description);\n  cy.get(\"[data-test-product-category]\").type(\"{selectAll}{del}\");\n  cy.get(\"[data-test-product-category]\").type(newProduct.category);\n  cy.get(\"[data-test-product-price]\").type(\"{selectAll}{del}\");\n  cy.get(\"[data-test-product-price]\").type(newProduct.originalPrice);\n  cy.get(\"[data-test-product-picture]\").type(\"{selectAll}{del}\");\n  cy.get(\"[data-test-product-picture]\").type(newProduct.pictureUrl);\n  cy.get(\"[data-test-product-end-date]\").type(\"{selectAll}{del}\");\n  cy.get(\"[data-test-product-end-date]\").type((0, _automate.prepareDateToType)(newProduct.endDate));\n  cy.intercept(\"PUT\", \"http://localhost:3000/api/products/\" + product.id, {\n    statusCode: 500\n  }).as(\"putProduct\");\n  cy.get(\"[data-test-submit]\").click();\n  cy.get(\"[data-test-error]\").should(\"exist\");\n});",
              "err": {},
              "uuid": "b0c216b8-b386-4d9f-8bc0-12076ce1cc65",
              "parentUUID": "87d1dd33-9c80-43eb-9d57-400d32e2ab6d",
              "isHook": false,
              "skipped": false
            }
          ],
          "suites": [],
          "passes": [
            "ac94f0a1-8f38-46e9-9ff3-f04689d1e390",
            "a6e44eb2-9085-4860-af87-ed8eafe0c4ab",
            "b0c216b8-b386-4d9f-8bc0-12076ce1cc65"
          ],
          "failures": [],
          "pending": [],
          "skipped": [],
          "duration": 411,
          "root": false,
          "rootEmpty": false,
          "_timeout": 2000
        }
      ],
      "passes": [],
      "failures": [],
      "pending": [],
      "skipped": [],
      "duration": 0,
      "root": true,
      "rootEmpty": true,
      "_timeout": 2000
    },
    {
      "uuid": "61f13660-0fea-4076-b655-4601809ec6f8",
      "title": "",
      "fullFile": "cypress\\e2e\\frontend\\home.cy.js",
      "file": "cypress\\e2e\\frontend\\home.cy.js",
      "beforeHooks": [],
      "afterHooks": [],
      "tests": [],
      "suites": [
        {
          "uuid": "5f85c6e8-4e22-424e-9665-4b8f8021faea",
          "title": "Page /",
          "fullFile": "",
          "file": "",
          "beforeHooks": [],
          "afterHooks": [],
          "tests": [
            {
              "title": "fetch products",
              "fullTitle": "Page / fetch products",
              "timedOut": null,
              "duration": 790,
              "state": "failed",
              "speed": null,
              "pass": false,
              "fail": true,
              "pending": false,
              "context": null,
              "code": "// Note : Test le scénario de récupération et d'affichage de tous les produits\ncy.visit(url);\ncy.get(\"[data-test-product]\").should(\"have.length\", 17);",
              "err": {
                "message": "CypressError: `cy.visit()` failed trying to load:\n\nhttp://localhost:5173/\n\nWe attempted to make an http request to this URL but the request failed without a response.\n\nWe received this error at the network level:\n\n  > Error: connect ECONNREFUSED 127.0.0.1:5173\n\nCommon situations why this would fail:\n  - you don't have internet access\n  - you forgot to run / boot your web server\n  - your web server isn't accessible\n  - you have weird network configuration settings on your computer",
                "estack": "CypressError: `cy.visit()` failed trying to load:\n\nhttp://localhost:5173/\n\nWe attempted to make an http request to this URL but the request failed without a response.\n\nWe received this error at the network level:\n\n  > Error: connect ECONNREFUSED 127.0.0.1:5173\n\nCommon situations why this would fail:\n  - you don't have internet access\n  - you forgot to run / boot your web server\n  - your web server isn't accessible\n  - you have weird network configuration settings on your computer\n    at <unknown> (http://localhost:52490/__cypress/runner/cypress_runner.js:131065:74)\n    at visitFailedByErr (http://localhost:52490/__cypress/runner/cypress_runner.js:130463:12)\n    at <unknown> (http://localhost:52490/__cypress/runner/cypress_runner.js:131064:11)\n    at tryCatcher (http://localhost:52490/__cypress/runner/cypress_runner.js:1807:23)\n    at Promise._settlePromiseFromHandler (http://localhost:52490/__cypress/runner/cypress_runner.js:1519:31)\n    at Promise._settlePromise (http://localhost:52490/__cypress/runner/cypress_runner.js:1576:18)\n    at Promise._settlePromise0 (http://localhost:52490/__cypress/runner/cypress_runner.js:1621:10)\n    at Promise._settlePromises (http://localhost:52490/__cypress/runner/cypress_runner.js:1697:18)\n    at _drainQueueStep (http://localhost:52490/__cypress/runner/cypress_runner.js:2407:12)\n    at _drainQueue (http://localhost:52490/__cypress/runner/cypress_runner.js:2400:9)\n    at Async._drainQueues (http://localhost:52490/__cypress/runner/cypress_runner.js:2416:5)\n    at Async.drainQueues (http://localhost:52490/__cypress/runner/cypress_runner.js:2286:14)\nFrom Your Spec Code:\n    at Context.eval (webpack://frontend/./cypress/e2e/frontend/home.cy.js:14:7)\n\nFrom Node.js Internals:\n  Error: connect ECONNREFUSED 127.0.0.1:5173\n      at TCPConnectWrap.afterConnect [as oncomplete] (node:net:1495:16)",
                "diff": null
              },
              "uuid": "eb69e4d5-b9de-4ab0-9b2c-10a0db5c9970",
              "parentUUID": "5f85c6e8-4e22-424e-9665-4b8f8021faea",
              "isHook": false,
              "skipped": false
            },
            {
              "title": "display product with past end date and last bid price",
              "fullTitle": "Page / display product with past end date and last bid price",
              "timedOut": null,
              "duration": 83,
              "state": "passed",
              "speed": "fast",
              "pass": true,
              "fail": false,
              "pending": false,
              "context": null,
              "code": "// Note : Vérifie que tous les éléments d'un produit sont bien affichés\n// Note : Si la date de fin est passée, afficher \"Terminé\"\n// Note : Si une offre existe pour le produit, afficher \"Prix actuel : <montant de l'offre>\"\n(0, _orm.createProduct)(\"past\").then(({\n  product\n}) => {\n  (0, _orm.createBid)(product.id, product.originalPrice, _tokens.bobToken).then(({\n    bid\n  }) => {\n    cy.visit(url);\n    cy.get(\"[data-test-product]\").should(\"have.length\", 18);\n    cy.get(`[data-test-product-name]:contains(\"${name}\")`).should(\"exist\").first().closest(\"[data-test-product]\").then(el => {\n      cy.wrap(el).find(\"[data-test-product-name]\").invoke(\"attr\", \"href\").should(\"include\", product.id);\n      cy.wrap(el).find(\"[data-test-product-description]\").should(\"have.text\", product.description);\n      cy.wrap(el).find(\"[data-test-product-seller]\").should(\"have.text\", \"alice\").invoke(\"attr\", \"href\").should(\"include\", _tokens.aliceId);\n      cy.wrap(el).find(\"[data-test-product-date]\").should(\"contain.text\", \"Terminé\");\n      cy.wrap(el).find(\"[data-test-product-price]\").should(\"contain.text\", \"Prix actuel\").should(\"contain.text\", \" \" + bid.price + \" €\");\n    });\n  }).catch(() => {\n    expect.fail(\"Bid creation fail\");\n  });\n});",
              "err": {},
              "uuid": "81c24827-af92-4678-96e7-a91998ee8973",
              "parentUUID": "5f85c6e8-4e22-424e-9665-4b8f8021faea",
              "isHook": false,
              "skipped": false
            },
            {
              "title": "display product with futur end date and original price (cause there not yet any bid)",
              "fullTitle": "Page / display product with futur end date and original price (cause there not yet any bid)",
              "timedOut": null,
              "duration": 111,
              "state": "passed",
              "speed": "fast",
              "pass": true,
              "fail": false,
              "pending": false,
              "context": null,
              "code": "// Note : Vérifie que tous les éléments d'un produit sont bien affichés\n// Note : Si la date de fin n'est pas passée, afficher \"En cours jusqu'au <date de fin>\"\n// Note : Si aucune une offre n'existe pour le produit, afficher \"Prix de départ : <prix de départ>\"\n(0, _orm.createProduct)().then(({\n  product\n}) => {\n  cy.visit(url);\n  cy.get(\"[data-test-product]\").should(\"have.length\", 18);\n  cy.get(`[data-test-product-name]:contains(\"${name}\")`).should(\"exist\").first().closest(\"[data-test-product]\").then(el => {\n    cy.wrap(el).find(\"[data-test-product-description]\").should(\"have.text\", product.description);\n    cy.wrap(el).find(\"[data-test-product-seller]\").should(\"have.text\", \"alice\").invoke(\"attr\", \"href\").should(\"include\", _tokens.aliceId);\n    cy.wrap(el).find(\"[data-test-product-date]\").should(\"contain.text\", \"En cours jusqu'au\");\n    cy.wrap(el).find(\"[data-test-product-price]\").should(\"contain.text\", \"Prix de départ\").should(\"contain.text\", \" \" + product.originalPrice + \" €\");\n  });\n});",
              "err": {},
              "uuid": "ff835f17-b08d-4702-b5aa-627a4b016ada",
              "parentUUID": "5f85c6e8-4e22-424e-9665-4b8f8021faea",
              "isHook": false,
              "skipped": false
            },
            {
              "title": "filter by name",
              "fullTitle": "Page / filter by name",
              "timedOut": null,
              "duration": 692,
              "state": "failed",
              "speed": null,
              "pass": false,
              "fail": true,
              "pending": false,
              "context": null,
              "code": "// Note : Vérifie le filtrage par nom, insensible à la casse\ncy.visit(url);\ncy.get(\"[data-test-product]\").should(\"have.length\", 17);\ncy.get(\"[data-test-filter\").type(\"Lot\");\ncy.get(\"[data-test-product]\").should(\"have.length\", 3);\ncy.get(\"[data-test-filter\").type(\"{selectAll}{del}\");\ncy.get(\"[data-test-filter\").type(\"lot\");\ncy.get(\"[data-test-product]\").should(\"have.length\", 3);\ncy.get(\"[data-test-filter\").type(\"{selectAll}{del}\");\ncy.get(\"[data-test-filter\").type(\"lot de tasses\");\ncy.get(\"[data-test-product]\").should(\"have.length\", 1);",
              "err": {
                "message": "CypressError: `cy.visit()` failed trying to load:\n\nhttp://localhost:5173/\n\nWe attempted to make an http request to this URL but the request failed without a response.\n\nWe received this error at the network level:\n\n  > Error: connect ECONNREFUSED 127.0.0.1:5173\n\nCommon situations why this would fail:\n  - you don't have internet access\n  - you forgot to run / boot your web server\n  - your web server isn't accessible\n  - you have weird network configuration settings on your computer",
                "estack": "CypressError: `cy.visit()` failed trying to load:\n\nhttp://localhost:5173/\n\nWe attempted to make an http request to this URL but the request failed without a response.\n\nWe received this error at the network level:\n\n  > Error: connect ECONNREFUSED 127.0.0.1:5173\n\nCommon situations why this would fail:\n  - you don't have internet access\n  - you forgot to run / boot your web server\n  - your web server isn't accessible\n  - you have weird network configuration settings on your computer\n    at <unknown> (http://localhost:52490/__cypress/runner/cypress_runner.js:131065:74)\n    at visitFailedByErr (http://localhost:52490/__cypress/runner/cypress_runner.js:130463:12)\n    at <unknown> (http://localhost:52490/__cypress/runner/cypress_runner.js:131064:11)\n    at tryCatcher (http://localhost:52490/__cypress/runner/cypress_runner.js:1807:23)\n    at Promise._settlePromiseFromHandler (http://localhost:52490/__cypress/runner/cypress_runner.js:1519:31)\n    at Promise._settlePromise (http://localhost:52490/__cypress/runner/cypress_runner.js:1576:18)\n    at Promise._settlePromise0 (http://localhost:52490/__cypress/runner/cypress_runner.js:1621:10)\n    at Promise._settlePromises (http://localhost:52490/__cypress/runner/cypress_runner.js:1697:18)\n    at _drainQueueStep (http://localhost:52490/__cypress/runner/cypress_runner.js:2407:12)\n    at _drainQueue (http://localhost:52490/__cypress/runner/cypress_runner.js:2400:9)\n    at Async._drainQueues (http://localhost:52490/__cypress/runner/cypress_runner.js:2416:5)\n    at Async.drainQueues (http://localhost:52490/__cypress/runner/cypress_runner.js:2286:14)\nFrom Your Spec Code:\n    at Context.eval (webpack://frontend/./cypress/e2e/frontend/home.cy.js:107:7)\n\nFrom Node.js Internals:\n  Error: connect ECONNREFUSED 127.0.0.1:5173\n      at TCPConnectWrap.afterConnect [as oncomplete] (node:net:1495:16)",
                "diff": null
              },
              "uuid": "5856caf6-0f78-4c06-9148-3d1261d58c79",
              "parentUUID": "5f85c6e8-4e22-424e-9665-4b8f8021faea",
              "isHook": false,
              "skipped": false
            },
            {
              "title": "sort by name",
              "fullTitle": "Page / sort by name",
              "timedOut": null,
              "duration": 749,
              "state": "failed",
              "speed": null,
              "pass": false,
              "fail": true,
              "pending": false,
              "context": null,
              "code": "// Note : Vérifie le tri par nom, alphabétique de A à Z\ncy.visit(url);\ncy.get(\"[data-test-sorter]\").should(\"contain.text\", \"Trier par nom\");\ncy.get(\"[data-test-product]\").first().find(\"[data-test-product-name]\").should(\"have.text\", \"Ampli de guitare\");\ncy.get(\"[data-test-product]\").last().find(\"[data-test-product-name]\").should(\"have.text\", \"Théière design\");",
              "err": {
                "message": "CypressError: `cy.visit()` failed trying to load:\n\nhttp://localhost:5173/\n\nWe attempted to make an http request to this URL but the request failed without a response.\n\nWe received this error at the network level:\n\n  > Error: connect ECONNREFUSED 127.0.0.1:5173\n\nCommon situations why this would fail:\n  - you don't have internet access\n  - you forgot to run / boot your web server\n  - your web server isn't accessible\n  - you have weird network configuration settings on your computer",
                "estack": "CypressError: `cy.visit()` failed trying to load:\n\nhttp://localhost:5173/\n\nWe attempted to make an http request to this URL but the request failed without a response.\n\nWe received this error at the network level:\n\n  > Error: connect ECONNREFUSED 127.0.0.1:5173\n\nCommon situations why this would fail:\n  - you don't have internet access\n  - you forgot to run / boot your web server\n  - your web server isn't accessible\n  - you have weird network configuration settings on your computer\n    at <unknown> (http://localhost:52490/__cypress/runner/cypress_runner.js:131065:74)\n    at visitFailedByErr (http://localhost:52490/__cypress/runner/cypress_runner.js:130463:12)\n    at <unknown> (http://localhost:52490/__cypress/runner/cypress_runner.js:131064:11)\n    at tryCatcher (http://localhost:52490/__cypress/runner/cypress_runner.js:1807:23)\n    at Promise._settlePromiseFromHandler (http://localhost:52490/__cypress/runner/cypress_runner.js:1519:31)\n    at Promise._settlePromise (http://localhost:52490/__cypress/runner/cypress_runner.js:1576:18)\n    at Promise._settlePromise0 (http://localhost:52490/__cypress/runner/cypress_runner.js:1621:10)\n    at Promise._settlePromises (http://localhost:52490/__cypress/runner/cypress_runner.js:1697:18)\n    at _drainQueueStep (http://localhost:52490/__cypress/runner/cypress_runner.js:2407:12)\n    at _drainQueue (http://localhost:52490/__cypress/runner/cypress_runner.js:2400:9)\n    at Async._drainQueues (http://localhost:52490/__cypress/runner/cypress_runner.js:2416:5)\n    at Async.drainQueues (http://localhost:52490/__cypress/runner/cypress_runner.js:2286:14)\nFrom Your Spec Code:\n    at Context.eval (webpack://frontend/./cypress/e2e/frontend/home.cy.js:126:7)\n\nFrom Node.js Internals:\n  Error: connect ECONNREFUSED 127.0.0.1:5173\n      at TCPConnectWrap.afterConnect [as oncomplete] (node:net:1495:16)",
                "diff": null
              },
              "uuid": "7424ca1e-30d9-4a08-ac4f-9da5010c0ca5",
              "parentUUID": "5f85c6e8-4e22-424e-9665-4b8f8021faea",
              "isHook": false,
              "skipped": false
            },
            {
              "title": "sort by price",
              "fullTitle": "Page / sort by price",
              "timedOut": null,
              "duration": 812,
              "state": "failed",
              "speed": null,
              "pass": false,
              "fail": true,
              "pending": false,
              "context": null,
              "code": "// Note : Vérifie le tri par prix, numérique croissant\ncy.visit(url);\ncy.get(\"[data-test-sorter]\").click();\ncy.get(\"[data-test-sorter-price]\").click();\ncy.get(\"[data-test-sorter]\").should(\"contain.text\", \"Trier par prix\");\ncy.get(\"[data-test-product]\").first().find(\"[data-test-product-name]\").should(\"have.text\", \"Ananas\");\ncy.get(\"[data-test-product]\").last().find(\"[data-test-product-name]\").should(\"have.text\", \"Chaussures volantes\");",
              "err": {
                "message": "CypressError: `cy.visit()` failed trying to load:\n\nhttp://localhost:5173/\n\nWe attempted to make an http request to this URL but the request failed without a response.\n\nWe received this error at the network level:\n\n  > Error: connect ECONNREFUSED 127.0.0.1:5173\n\nCommon situations why this would fail:\n  - you don't have internet access\n  - you forgot to run / boot your web server\n  - your web server isn't accessible\n  - you have weird network configuration settings on your computer",
                "estack": "CypressError: `cy.visit()` failed trying to load:\n\nhttp://localhost:5173/\n\nWe attempted to make an http request to this URL but the request failed without a response.\n\nWe received this error at the network level:\n\n  > Error: connect ECONNREFUSED 127.0.0.1:5173\n\nCommon situations why this would fail:\n  - you don't have internet access\n  - you forgot to run / boot your web server\n  - your web server isn't accessible\n  - you have weird network configuration settings on your computer\n    at <unknown> (http://localhost:52490/__cypress/runner/cypress_runner.js:131065:74)\n    at visitFailedByErr (http://localhost:52490/__cypress/runner/cypress_runner.js:130463:12)\n    at <unknown> (http://localhost:52490/__cypress/runner/cypress_runner.js:131064:11)\n    at tryCatcher (http://localhost:52490/__cypress/runner/cypress_runner.js:1807:23)\n    at Promise._settlePromiseFromHandler (http://localhost:52490/__cypress/runner/cypress_runner.js:1519:31)\n    at Promise._settlePromise (http://localhost:52490/__cypress/runner/cypress_runner.js:1576:18)\n    at Promise._settlePromise0 (http://localhost:52490/__cypress/runner/cypress_runner.js:1621:10)\n    at Promise._settlePromises (http://localhost:52490/__cypress/runner/cypress_runner.js:1697:18)\n    at _drainQueueStep (http://localhost:52490/__cypress/runner/cypress_runner.js:2407:12)\n    at _drainQueue (http://localhost:52490/__cypress/runner/cypress_runner.js:2400:9)\n    at Async._drainQueues (http://localhost:52490/__cypress/runner/cypress_runner.js:2416:5)\n    at Async.drainQueues (http://localhost:52490/__cypress/runner/cypress_runner.js:2286:14)\nFrom Your Spec Code:\n    at Context.eval (webpack://frontend/./cypress/e2e/frontend/home.cy.js:144:7)\n\nFrom Node.js Internals:\n  Error: connect ECONNREFUSED 127.0.0.1:5173\n      at TCPConnectWrap.afterConnect [as oncomplete] (node:net:1495:16)",
                "diff": null
              },
              "uuid": "6203fba1-032c-4e88-b70d-bbd308471bf2",
              "parentUUID": "5f85c6e8-4e22-424e-9665-4b8f8021faea",
              "isHook": false,
              "skipped": false
            },
            {
              "title": "loading",
              "fullTitle": "Page / loading",
              "timedOut": null,
              "duration": 797,
              "state": "failed",
              "speed": null,
              "pass": false,
              "fail": true,
              "pending": false,
              "context": null,
              "code": "// Note : Test la présence d'un spinner lors du chargement\ncy.intercept(\"http://localhost:3000/api/products\", {\n  delay: 10000\n});\ncy.visit(url);\ncy.get(\"[data-test-loading]\").should(\"exist\");\ncy.get(\"[data-test-error]\").should(\"not.exist\");\ncy.get(\"[data-test-product]\").should(\"not.exist\");",
              "err": {
                "message": "CypressError: `cy.visit()` failed trying to load:\n\nhttp://localhost:5173/\n\nWe attempted to make an http request to this URL but the request failed without a response.\n\nWe received this error at the network level:\n\n  > Error: connect ECONNREFUSED 127.0.0.1:5173\n\nCommon situations why this would fail:\n  - you don't have internet access\n  - you forgot to run / boot your web server\n  - your web server isn't accessible\n  - you have weird network configuration settings on your computer",
                "estack": "CypressError: `cy.visit()` failed trying to load:\n\nhttp://localhost:5173/\n\nWe attempted to make an http request to this URL but the request failed without a response.\n\nWe received this error at the network level:\n\n  > Error: connect ECONNREFUSED 127.0.0.1:5173\n\nCommon situations why this would fail:\n  - you don't have internet access\n  - you forgot to run / boot your web server\n  - your web server isn't accessible\n  - you have weird network configuration settings on your computer\n    at <unknown> (http://localhost:52490/__cypress/runner/cypress_runner.js:131065:74)\n    at visitFailedByErr (http://localhost:52490/__cypress/runner/cypress_runner.js:130463:12)\n    at <unknown> (http://localhost:52490/__cypress/runner/cypress_runner.js:131064:11)\n    at tryCatcher (http://localhost:52490/__cypress/runner/cypress_runner.js:1807:23)\n    at Promise._settlePromiseFromHandler (http://localhost:52490/__cypress/runner/cypress_runner.js:1519:31)\n    at Promise._settlePromise (http://localhost:52490/__cypress/runner/cypress_runner.js:1576:18)\n    at Promise._settlePromise0 (http://localhost:52490/__cypress/runner/cypress_runner.js:1621:10)\n    at Promise._settlePromises (http://localhost:52490/__cypress/runner/cypress_runner.js:1697:18)\n    at _drainQueueStep (http://localhost:52490/__cypress/runner/cypress_runner.js:2407:12)\n    at _drainQueue (http://localhost:52490/__cypress/runner/cypress_runner.js:2400:9)\n    at Async._drainQueues (http://localhost:52490/__cypress/runner/cypress_runner.js:2416:5)\n    at Async.drainQueues (http://localhost:52490/__cypress/runner/cypress_runner.js:2286:14)\nFrom Your Spec Code:\n    at Context.eval (webpack://frontend/./cypress/e2e/frontend/home.cy.js:169:7)\n\nFrom Node.js Internals:\n  Error: connect ECONNREFUSED 127.0.0.1:5173\n      at TCPConnectWrap.afterConnect [as oncomplete] (node:net:1495:16)",
                "diff": null
              },
              "uuid": "cdea0194-12de-468e-b4e9-ecd3a9876c90",
              "parentUUID": "5f85c6e8-4e22-424e-9665-4b8f8021faea",
              "isHook": false,
              "skipped": false
            },
            {
              "title": "error message",
              "fullTitle": "Page / error message",
              "timedOut": null,
              "duration": 741,
              "state": "failed",
              "speed": null,
              "pass": false,
              "fail": true,
              "pending": false,
              "context": null,
              "code": "// Note : Test la présence d'un message d'erreur en cas d'échec au chargement\ncy.intercept(\"http://localhost:3000/api/products\", {\n  status: 500,\n  response: {}\n});\ncy.visit(url);\ncy.get(\"[data-test-loading]\").should(\"not.exist\");\ncy.get(\"[data-test-error]\").should(\"exist\");\ncy.get(\"[data-test-product]\").should(\"not.exist\");",
              "err": {
                "message": "CypressError: `cy.visit()` failed trying to load:\n\nhttp://localhost:5173/\n\nWe attempted to make an http request to this URL but the request failed without a response.\n\nWe received this error at the network level:\n\n  > Error: connect ECONNREFUSED 127.0.0.1:5173\n\nCommon situations why this would fail:\n  - you don't have internet access\n  - you forgot to run / boot your web server\n  - your web server isn't accessible\n  - you have weird network configuration settings on your computer",
                "estack": "CypressError: `cy.visit()` failed trying to load:\n\nhttp://localhost:5173/\n\nWe attempted to make an http request to this URL but the request failed without a response.\n\nWe received this error at the network level:\n\n  > Error: connect ECONNREFUSED 127.0.0.1:5173\n\nCommon situations why this would fail:\n  - you don't have internet access\n  - you forgot to run / boot your web server\n  - your web server isn't accessible\n  - you have weird network configuration settings on your computer\n    at <unknown> (http://localhost:52490/__cypress/runner/cypress_runner.js:131065:74)\n    at visitFailedByErr (http://localhost:52490/__cypress/runner/cypress_runner.js:130463:12)\n    at <unknown> (http://localhost:52490/__cypress/runner/cypress_runner.js:131064:11)\n    at tryCatcher (http://localhost:52490/__cypress/runner/cypress_runner.js:1807:23)\n    at Promise._settlePromiseFromHandler (http://localhost:52490/__cypress/runner/cypress_runner.js:1519:31)\n    at Promise._settlePromise (http://localhost:52490/__cypress/runner/cypress_runner.js:1576:18)\n    at Promise._settlePromise0 (http://localhost:52490/__cypress/runner/cypress_runner.js:1621:10)\n    at Promise._settlePromises (http://localhost:52490/__cypress/runner/cypress_runner.js:1697:18)\n    at _drainQueueStep (http://localhost:52490/__cypress/runner/cypress_runner.js:2407:12)\n    at _drainQueue (http://localhost:52490/__cypress/runner/cypress_runner.js:2400:9)\n    at Async._drainQueues (http://localhost:52490/__cypress/runner/cypress_runner.js:2416:5)\n    at Async.drainQueues (http://localhost:52490/__cypress/runner/cypress_runner.js:2286:14)\nFrom Your Spec Code:\n    at Context.eval (webpack://frontend/./cypress/e2e/frontend/home.cy.js:184:7)\n\nFrom Node.js Internals:\n  Error: connect ECONNREFUSED 127.0.0.1:5173\n      at TCPConnectWrap.afterConnect [as oncomplete] (node:net:1495:16)",
                "diff": null
              },
              "uuid": "0359db6e-e847-4485-9856-fb32a08f71ee",
              "parentUUID": "5f85c6e8-4e22-424e-9665-4b8f8021faea",
              "isHook": false,
              "skipped": false
            },
            {
              "title": "ready",
              "fullTitle": "Page / ready",
              "timedOut": null,
              "duration": 773,
              "state": "failed",
              "speed": null,
              "pass": false,
              "fail": true,
              "pending": false,
              "context": null,
              "code": "// Note : Test la présence du contenu après que tout est bien chargé\ncy.intercept(\"http://localhost:3000/api/products\");\ncy.visit(url);\ncy.get(\"[data-test-loading]\").should(\"not.exist\");\ncy.get(\"[data-test-error]\").should(\"not.exist\");\ncy.get(\"[data-test-product]\").should(\"exist\");",
              "err": {
                "message": "CypressError: `cy.visit()` failed trying to load:\n\nhttp://localhost:5173/\n\nWe attempted to make an http request to this URL but the request failed without a response.\n\nWe received this error at the network level:\n\n  > Error: connect ECONNREFUSED 127.0.0.1:5173\n\nCommon situations why this would fail:\n  - you don't have internet access\n  - you forgot to run / boot your web server\n  - your web server isn't accessible\n  - you have weird network configuration settings on your computer",
                "estack": "CypressError: `cy.visit()` failed trying to load:\n\nhttp://localhost:5173/\n\nWe attempted to make an http request to this URL but the request failed without a response.\n\nWe received this error at the network level:\n\n  > Error: connect ECONNREFUSED 127.0.0.1:5173\n\nCommon situations why this would fail:\n  - you don't have internet access\n  - you forgot to run / boot your web server\n  - your web server isn't accessible\n  - you have weird network configuration settings on your computer\n    at <unknown> (http://localhost:52490/__cypress/runner/cypress_runner.js:131065:74)\n    at visitFailedByErr (http://localhost:52490/__cypress/runner/cypress_runner.js:130463:12)\n    at <unknown> (http://localhost:52490/__cypress/runner/cypress_runner.js:131064:11)\n    at tryCatcher (http://localhost:52490/__cypress/runner/cypress_runner.js:1807:23)\n    at Promise._settlePromiseFromHandler (http://localhost:52490/__cypress/runner/cypress_runner.js:1519:31)\n    at Promise._settlePromise (http://localhost:52490/__cypress/runner/cypress_runner.js:1576:18)\n    at Promise._settlePromise0 (http://localhost:52490/__cypress/runner/cypress_runner.js:1621:10)\n    at Promise._settlePromises (http://localhost:52490/__cypress/runner/cypress_runner.js:1697:18)\n    at _drainQueueStep (http://localhost:52490/__cypress/runner/cypress_runner.js:2407:12)\n    at _drainQueue (http://localhost:52490/__cypress/runner/cypress_runner.js:2400:9)\n    at Async._drainQueues (http://localhost:52490/__cypress/runner/cypress_runner.js:2416:5)\n    at Async.drainQueues (http://localhost:52490/__cypress/runner/cypress_runner.js:2286:14)\nFrom Your Spec Code:\n    at Context.eval (webpack://frontend/./cypress/e2e/frontend/home.cy.js:196:7)\n\nFrom Node.js Internals:\n  Error: connect ECONNREFUSED 127.0.0.1:5173\n      at TCPConnectWrap.afterConnect [as oncomplete] (node:net:1495:16)",
                "diff": null
              },
              "uuid": "01c2df9f-cf07-4d42-a454-24a76163ccd6",
              "parentUUID": "5f85c6e8-4e22-424e-9665-4b8f8021faea",
              "isHook": false,
              "skipped": false
            }
          ],
          "suites": [],
          "passes": [
            "81c24827-af92-4678-96e7-a91998ee8973",
            "ff835f17-b08d-4702-b5aa-627a4b016ada"
          ],
          "failures": [
            "eb69e4d5-b9de-4ab0-9b2c-10a0db5c9970",
            "5856caf6-0f78-4c06-9148-3d1261d58c79",
            "7424ca1e-30d9-4a08-ac4f-9da5010c0ca5",
            "6203fba1-032c-4e88-b70d-bbd308471bf2",
            "cdea0194-12de-468e-b4e9-ecd3a9876c90",
            "0359db6e-e847-4485-9856-fb32a08f71ee",
            "01c2df9f-cf07-4d42-a454-24a76163ccd6"
          ],
          "pending": [],
          "skipped": [],
          "duration": 5548,
          "root": false,
          "rootEmpty": false,
          "_timeout": 2000
        }
      ],
      "passes": [],
      "failures": [],
      "pending": [],
      "skipped": [],
      "duration": 0,
      "root": true,
      "rootEmpty": true,
      "_timeout": 2000
    },
    {
      "uuid": "57eb0e5d-7ba8-45b8-b826-34cd82c88baf",
      "title": "",
      "fullFile": "cypress\\e2e\\frontend\\user.cy.js",
      "file": "cypress\\e2e\\frontend\\user.cy.js",
      "beforeHooks": [],
      "afterHooks": [],
      "tests": [],
      "suites": [
        {
          "uuid": "07dc464b-95c6-45d2-a69a-34fb62c2ab97",
          "title": "Page /users/:userId",
          "fullFile": "",
          "file": "",
          "beforeHooks": [],
          "afterHooks": [],
          "tests": [
            {
              "title": "display products",
              "fullTitle": "Page /users/:userId display products",
              "timedOut": null,
              "duration": 150,
              "state": "passed",
              "speed": "fast",
              "pass": true,
              "fail": false,
              "pending": false,
              "context": null,
              "code": "// Note : Test le scénario de récupération et d'affichage des produits\n(0, _orm.createProduct)().then(({\n  product\n}) => {\n  cy.visit(`http://localhost:5173/users/${_tokens.aliceId}`);\n  cy.get(\"[data-test-product]\").should(\"have.length\", 8);\n  cy.get(\"[data-test-product]\").last().find(\"[data-test-product-name]\").should(\"have.text\", product.name).invoke(\"attr\", \"href\").should(\"contain\", product.id);\n  cy.get(\"[data-test-product]\").last().find(\"[data-test-product-description]\").should(\"have.text\", product.description);\n  cy.get(\"[data-test-product]\").last().find(\"[data-test-product-price]\").should(\"contain.text\", product.originalPrice + \" €\");\n  cy.get(\"[data-test-product]\").last().find(\"[data-test-product-picture]\").invoke(\"attr\", \"src\").should(\"eq\", product.pictureUrl);\n});",
              "err": {},
              "uuid": "92ea5015-a3bf-48b7-af9d-e5556fe11873",
              "parentUUID": "07dc464b-95c6-45d2-a69a-34fb62c2ab97",
              "isHook": false,
              "skipped": false
            },
            {
              "title": "display bids",
              "fullTitle": "Page /users/:userId display bids",
              "timedOut": null,
              "duration": 88,
              "state": "passed",
              "speed": "fast",
              "pass": true,
              "fail": false,
              "pending": false,
              "context": null,
              "code": "// Note : Test le scénario de récupération et d'affichage des offres\n(0, _orm.createProduct)(\"futur\", _tokens.bobToken).then(({\n  product\n}) => {\n  (0, _orm.createBid)(product.id, product.originalPrice, _tokens.aliceToken).then(({\n    bid\n  }) => {\n    cy.visit(`http://localhost:5173/users/${_tokens.aliceId}`);\n    cy.get(\"[data-test-bid]\").should(\"exist\");\n    cy.get(`[data-test-bid-product][href$=\"${product.id}\"]`).should(\"exist\").first().closest(\"[data-test-bid]\").then(el => {\n      cy.wrap(el).find(\"[data-test-bid-product]\").should(\"have.text\", product.name);\n      cy.wrap(el).find(\"[data-test-bid-price]\").should(\"have.text\", bid.price + \" €\");\n      cy.wrap(el).find(\"[data-test-bid-date]\").should(\"contain.text\", new Date().getDate()).should(\"contain.text\", new Date().getMonth() + 1).should(\"contain.text\", new Date().getFullYear());\n    });\n  });\n});",
              "err": {},
              "uuid": "dc15d8b8-9164-4ce7-96d5-3315967819af",
              "parentUUID": "07dc464b-95c6-45d2-a69a-34fb62c2ab97",
              "isHook": false,
              "skipped": false
            },
            {
              "title": "no admin badge",
              "fullTitle": "Page /users/:userId no admin badge",
              "timedOut": null,
              "duration": 774,
              "state": "failed",
              "speed": null,
              "pass": false,
              "fail": true,
              "pending": false,
              "context": null,
              "code": "// Note : Vérifie qu'un utilisateur a un badge admin si et seulement si il est admin\ncy.visit(`http://localhost:5173/users/${_tokens.aliceId}`);\ncy.get(\"[data-test-admin]\").should(\"not.exist\");\ncy.visit(`http://localhost:5173/users/${_tokens.adminId}`);\ncy.get(\"[data-test-admin]\").should(\"exist\");",
              "err": {
                "message": "CypressError: `cy.visit()` failed trying to load:\n\nhttp://localhost:5173/users/1f2fadb1-0d7e-47a7-9d5b-ed031d665d3e\n\nWe attempted to make an http request to this URL but the request failed without a response.\n\nWe received this error at the network level:\n\n  > Error: connect ECONNREFUSED 127.0.0.1:5173\n\nCommon situations why this would fail:\n  - you don't have internet access\n  - you forgot to run / boot your web server\n  - your web server isn't accessible\n  - you have weird network configuration settings on your computer",
                "estack": "CypressError: `cy.visit()` failed trying to load:\n\nhttp://localhost:5173/users/1f2fadb1-0d7e-47a7-9d5b-ed031d665d3e\n\nWe attempted to make an http request to this URL but the request failed without a response.\n\nWe received this error at the network level:\n\n  > Error: connect ECONNREFUSED 127.0.0.1:5173\n\nCommon situations why this would fail:\n  - you don't have internet access\n  - you forgot to run / boot your web server\n  - your web server isn't accessible\n  - you have weird network configuration settings on your computer\n    at <unknown> (http://localhost:52490/__cypress/runner/cypress_runner.js:131065:74)\n    at visitFailedByErr (http://localhost:52490/__cypress/runner/cypress_runner.js:130463:12)\n    at <unknown> (http://localhost:52490/__cypress/runner/cypress_runner.js:131064:11)\n    at tryCatcher (http://localhost:52490/__cypress/runner/cypress_runner.js:1807:23)\n    at Promise._settlePromiseFromHandler (http://localhost:52490/__cypress/runner/cypress_runner.js:1519:31)\n    at Promise._settlePromise (http://localhost:52490/__cypress/runner/cypress_runner.js:1576:18)\n    at Promise._settlePromise0 (http://localhost:52490/__cypress/runner/cypress_runner.js:1621:10)\n    at Promise._settlePromises (http://localhost:52490/__cypress/runner/cypress_runner.js:1697:18)\n    at _drainQueueStep (http://localhost:52490/__cypress/runner/cypress_runner.js:2407:12)\n    at _drainQueue (http://localhost:52490/__cypress/runner/cypress_runner.js:2400:9)\n    at Async._drainQueues (http://localhost:52490/__cypress/runner/cypress_runner.js:2416:5)\n    at Async.drainQueues (http://localhost:52490/__cypress/runner/cypress_runner.js:2286:14)\nFrom Your Spec Code:\n    at Context.eval (webpack://frontend/./cypress/e2e/frontend/user.cy.js:86:7)\n\nFrom Node.js Internals:\n  Error: connect ECONNREFUSED 127.0.0.1:5173\n      at TCPConnectWrap.afterConnect [as oncomplete] (node:net:1495:16)",
                "diff": null
              },
              "uuid": "9b371341-607f-4602-9e11-82a7ce8640ab",
              "parentUUID": "07dc464b-95c6-45d2-a69a-34fb62c2ab97",
              "isHook": false,
              "skipped": false
            },
            {
              "title": "loading",
              "fullTitle": "Page /users/:userId loading",
              "timedOut": null,
              "duration": 811,
              "state": "failed",
              "speed": null,
              "pass": false,
              "fail": true,
              "pending": false,
              "context": null,
              "code": "// Note : Vérifie la présence d'un spinner au chargement\ncy.intercept(`http://localhost:3000/api/users/${_tokens.aliceId}`, {\n  delay: 10000\n});\ncy.visit(`http://localhost:5173/users/${_tokens.aliceId}`);\ncy.get(\"[data-test-loading]\").should(\"exist\");\ncy.get(\"[data-test-view]\").should(\"not.exist\");\ncy.get(\"[data-test-error]\").should(\"not.exist\");",
              "err": {
                "message": "CypressError: `cy.visit()` failed trying to load:\n\nhttp://localhost:5173/users/1f2fadb1-0d7e-47a7-9d5b-ed031d665d3e\n\nWe attempted to make an http request to this URL but the request failed without a response.\n\nWe received this error at the network level:\n\n  > Error: connect ECONNREFUSED 127.0.0.1:5173\n\nCommon situations why this would fail:\n  - you don't have internet access\n  - you forgot to run / boot your web server\n  - your web server isn't accessible\n  - you have weird network configuration settings on your computer",
                "estack": "CypressError: `cy.visit()` failed trying to load:\n\nhttp://localhost:5173/users/1f2fadb1-0d7e-47a7-9d5b-ed031d665d3e\n\nWe attempted to make an http request to this URL but the request failed without a response.\n\nWe received this error at the network level:\n\n  > Error: connect ECONNREFUSED 127.0.0.1:5173\n\nCommon situations why this would fail:\n  - you don't have internet access\n  - you forgot to run / boot your web server\n  - your web server isn't accessible\n  - you have weird network configuration settings on your computer\n    at <unknown> (http://localhost:52490/__cypress/runner/cypress_runner.js:131065:74)\n    at visitFailedByErr (http://localhost:52490/__cypress/runner/cypress_runner.js:130463:12)\n    at <unknown> (http://localhost:52490/__cypress/runner/cypress_runner.js:131064:11)\n    at tryCatcher (http://localhost:52490/__cypress/runner/cypress_runner.js:1807:23)\n    at Promise._settlePromiseFromHandler (http://localhost:52490/__cypress/runner/cypress_runner.js:1519:31)\n    at Promise._settlePromise (http://localhost:52490/__cypress/runner/cypress_runner.js:1576:18)\n    at Promise._settlePromise0 (http://localhost:52490/__cypress/runner/cypress_runner.js:1621:10)\n    at Promise._settlePromises (http://localhost:52490/__cypress/runner/cypress_runner.js:1697:18)\n    at _drainQueueStep (http://localhost:52490/__cypress/runner/cypress_runner.js:2407:12)\n    at _drainQueue (http://localhost:52490/__cypress/runner/cypress_runner.js:2400:9)\n    at Async._drainQueues (http://localhost:52490/__cypress/runner/cypress_runner.js:2416:5)\n    at Async.drainQueues (http://localhost:52490/__cypress/runner/cypress_runner.js:2286:14)\nFrom Your Spec Code:\n    at Context.eval (webpack://frontend/./cypress/e2e/frontend/user.cy.js:102:7)\n\nFrom Node.js Internals:\n  Error: connect ECONNREFUSED 127.0.0.1:5173\n      at TCPConnectWrap.afterConnect [as oncomplete] (node:net:1495:16)",
                "diff": null
              },
              "uuid": "e99e558f-cf1a-4bf2-bc1a-99d32684dbaa",
              "parentUUID": "07dc464b-95c6-45d2-a69a-34fb62c2ab97",
              "isHook": false,
              "skipped": false
            },
            {
              "title": "error",
              "fullTitle": "Page /users/:userId error",
              "timedOut": null,
              "duration": 725,
              "state": "failed",
              "speed": null,
              "pass": false,
              "fail": true,
              "pending": false,
              "context": null,
              "code": "// Note : Vérifie la présence d'une erreur en cas d'échec de chargement\ncy.intercept(`http://localhost:3000/api/users/${_tokens.aliceId}`, {\n  statusCode: 500\n});\ncy.visit(`http://localhost:5173/users/${_tokens.aliceId}`);\ncy.get(\"[data-test-error]\").should(\"exist\");\ncy.get(\"[data-test-loading]\").should(\"not.exist\");\ncy.get(\"[data-test-view]\").should(\"not.exist\");",
              "err": {
                "message": "CypressError: `cy.visit()` failed trying to load:\n\nhttp://localhost:5173/users/1f2fadb1-0d7e-47a7-9d5b-ed031d665d3e\n\nWe attempted to make an http request to this URL but the request failed without a response.\n\nWe received this error at the network level:\n\n  > Error: connect ECONNREFUSED 127.0.0.1:5173\n\nCommon situations why this would fail:\n  - you don't have internet access\n  - you forgot to run / boot your web server\n  - your web server isn't accessible\n  - you have weird network configuration settings on your computer",
                "estack": "CypressError: `cy.visit()` failed trying to load:\n\nhttp://localhost:5173/users/1f2fadb1-0d7e-47a7-9d5b-ed031d665d3e\n\nWe attempted to make an http request to this URL but the request failed without a response.\n\nWe received this error at the network level:\n\n  > Error: connect ECONNREFUSED 127.0.0.1:5173\n\nCommon situations why this would fail:\n  - you don't have internet access\n  - you forgot to run / boot your web server\n  - your web server isn't accessible\n  - you have weird network configuration settings on your computer\n    at <unknown> (http://localhost:52490/__cypress/runner/cypress_runner.js:131065:74)\n    at visitFailedByErr (http://localhost:52490/__cypress/runner/cypress_runner.js:130463:12)\n    at <unknown> (http://localhost:52490/__cypress/runner/cypress_runner.js:131064:11)\n    at tryCatcher (http://localhost:52490/__cypress/runner/cypress_runner.js:1807:23)\n    at Promise._settlePromiseFromHandler (http://localhost:52490/__cypress/runner/cypress_runner.js:1519:31)\n    at Promise._settlePromise (http://localhost:52490/__cypress/runner/cypress_runner.js:1576:18)\n    at Promise._settlePromise0 (http://localhost:52490/__cypress/runner/cypress_runner.js:1621:10)\n    at Promise._settlePromises (http://localhost:52490/__cypress/runner/cypress_runner.js:1697:18)\n    at _drainQueueStep (http://localhost:52490/__cypress/runner/cypress_runner.js:2407:12)\n    at _drainQueue (http://localhost:52490/__cypress/runner/cypress_runner.js:2400:9)\n    at Async._drainQueues (http://localhost:52490/__cypress/runner/cypress_runner.js:2416:5)\n    at Async.drainQueues (http://localhost:52490/__cypress/runner/cypress_runner.js:2286:14)\nFrom Your Spec Code:\n    at Context.eval (webpack://frontend/./cypress/e2e/frontend/user.cy.js:116:7)\n\nFrom Node.js Internals:\n  Error: connect ECONNREFUSED 127.0.0.1:5173\n      at TCPConnectWrap.afterConnect [as oncomplete] (node:net:1495:16)",
                "diff": null
              },
              "uuid": "ed07f7c3-2400-4161-9812-5d1a7da11c88",
              "parentUUID": "07dc464b-95c6-45d2-a69a-34fb62c2ab97",
              "isHook": false,
              "skipped": false
            },
            {
              "title": "ready",
              "fullTitle": "Page /users/:userId ready",
              "timedOut": null,
              "duration": 748,
              "state": "failed",
              "speed": null,
              "pass": false,
              "fail": true,
              "pending": false,
              "context": null,
              "code": "// Note : Vérifie la présence du contenu quand tout s'est bien chargé\ncy.visit(`http://localhost:5173/users/${_tokens.aliceId}`);\ncy.get(\"[data-test-error]\").should(\"not.exist\");\ncy.get(\"[data-test-loading]\").should(\"not.exist\");\ncy.get(\"[data-test-view]\").should(\"exist\");",
              "err": {
                "message": "CypressError: `cy.visit()` failed trying to load:\n\nhttp://localhost:5173/users/1f2fadb1-0d7e-47a7-9d5b-ed031d665d3e\n\nWe attempted to make an http request to this URL but the request failed without a response.\n\nWe received this error at the network level:\n\n  > Error: connect ECONNREFUSED 127.0.0.1:5173\n\nCommon situations why this would fail:\n  - you don't have internet access\n  - you forgot to run / boot your web server\n  - your web server isn't accessible\n  - you have weird network configuration settings on your computer",
                "estack": "CypressError: `cy.visit()` failed trying to load:\n\nhttp://localhost:5173/users/1f2fadb1-0d7e-47a7-9d5b-ed031d665d3e\n\nWe attempted to make an http request to this URL but the request failed without a response.\n\nWe received this error at the network level:\n\n  > Error: connect ECONNREFUSED 127.0.0.1:5173\n\nCommon situations why this would fail:\n  - you don't have internet access\n  - you forgot to run / boot your web server\n  - your web server isn't accessible\n  - you have weird network configuration settings on your computer\n    at <unknown> (http://localhost:52490/__cypress/runner/cypress_runner.js:131065:74)\n    at visitFailedByErr (http://localhost:52490/__cypress/runner/cypress_runner.js:130463:12)\n    at <unknown> (http://localhost:52490/__cypress/runner/cypress_runner.js:131064:11)\n    at tryCatcher (http://localhost:52490/__cypress/runner/cypress_runner.js:1807:23)\n    at Promise._settlePromiseFromHandler (http://localhost:52490/__cypress/runner/cypress_runner.js:1519:31)\n    at Promise._settlePromise (http://localhost:52490/__cypress/runner/cypress_runner.js:1576:18)\n    at Promise._settlePromise0 (http://localhost:52490/__cypress/runner/cypress_runner.js:1621:10)\n    at Promise._settlePromises (http://localhost:52490/__cypress/runner/cypress_runner.js:1697:18)\n    at _drainQueueStep (http://localhost:52490/__cypress/runner/cypress_runner.js:2407:12)\n    at _drainQueue (http://localhost:52490/__cypress/runner/cypress_runner.js:2400:9)\n    at Async._drainQueues (http://localhost:52490/__cypress/runner/cypress_runner.js:2416:5)\n    at Async.drainQueues (http://localhost:52490/__cypress/runner/cypress_runner.js:2286:14)\nFrom Your Spec Code:\n    at Context.eval (webpack://frontend/./cypress/e2e/frontend/user.cy.js:126:7)\n\nFrom Node.js Internals:\n  Error: connect ECONNREFUSED 127.0.0.1:5173\n      at TCPConnectWrap.afterConnect [as oncomplete] (node:net:1495:16)",
                "diff": null
              },
              "uuid": "a99dd7c0-9e1b-4a43-9933-36edbbe18af4",
              "parentUUID": "07dc464b-95c6-45d2-a69a-34fb62c2ab97",
              "isHook": false,
              "skipped": false
            }
          ],
          "suites": [],
          "passes": [
            "92ea5015-a3bf-48b7-af9d-e5556fe11873",
            "dc15d8b8-9164-4ce7-96d5-3315967819af"
          ],
          "failures": [
            "9b371341-607f-4602-9e11-82a7ce8640ab",
            "e99e558f-cf1a-4bf2-bc1a-99d32684dbaa",
            "ed07f7c3-2400-4161-9812-5d1a7da11c88",
            "a99dd7c0-9e1b-4a43-9933-36edbbe18af4"
          ],
          "pending": [],
          "skipped": [],
          "duration": 3296,
          "root": false,
          "rootEmpty": false,
          "_timeout": 2000
        },
        {
          "uuid": "d9fd7290-92f6-4d62-b56c-6d785f0f81b6",
          "title": "Page /users/me",
          "fullFile": "",
          "file": "",
          "beforeHooks": [],
          "afterHooks": [],
          "tests": [
            {
              "title": "me as alice",
              "fullTitle": "Page /users/me me as alice",
              "timedOut": null,
              "duration": 785,
              "state": "failed",
              "speed": null,
              "pass": false,
              "fail": true,
              "pending": false,
              "context": null,
              "code": "// Note : Vérifie que le contenu de la page est bien celui de l'utilisateur courant\ncy.visit(`http://localhost:5173/users/me`, {\n  onBeforeLoad: function (window) {\n    window.localStorage.setItem(\"token\", _tokens.aliceToken);\n  }\n});\ncy.get(\"[data-test-username]\").should(\"contain.text\", \"alice\");\ncy.get(\"[data-test-product]\").should(\"have.length\", 7);",
              "err": {
                "message": "CypressError: `cy.visit()` failed trying to load:\n\nhttp://localhost:5173/users/me\n\nWe attempted to make an http request to this URL but the request failed without a response.\n\nWe received this error at the network level:\n\n  > Error: connect ECONNREFUSED 127.0.0.1:5173\n\nCommon situations why this would fail:\n  - you don't have internet access\n  - you forgot to run / boot your web server\n  - your web server isn't accessible\n  - you have weird network configuration settings on your computer",
                "estack": "CypressError: `cy.visit()` failed trying to load:\n\nhttp://localhost:5173/users/me\n\nWe attempted to make an http request to this URL but the request failed without a response.\n\nWe received this error at the network level:\n\n  > Error: connect ECONNREFUSED 127.0.0.1:5173\n\nCommon situations why this would fail:\n  - you don't have internet access\n  - you forgot to run / boot your web server\n  - your web server isn't accessible\n  - you have weird network configuration settings on your computer\n    at <unknown> (http://localhost:52490/__cypress/runner/cypress_runner.js:131065:74)\n    at visitFailedByErr (http://localhost:52490/__cypress/runner/cypress_runner.js:130463:12)\n    at <unknown> (http://localhost:52490/__cypress/runner/cypress_runner.js:131064:11)\n    at tryCatcher (http://localhost:52490/__cypress/runner/cypress_runner.js:1807:23)\n    at Promise._settlePromiseFromHandler (http://localhost:52490/__cypress/runner/cypress_runner.js:1519:31)\n    at Promise._settlePromise (http://localhost:52490/__cypress/runner/cypress_runner.js:1576:18)\n    at Promise._settlePromise0 (http://localhost:52490/__cypress/runner/cypress_runner.js:1621:10)\n    at Promise._settlePromises (http://localhost:52490/__cypress/runner/cypress_runner.js:1697:18)\n    at _drainQueueStep (http://localhost:52490/__cypress/runner/cypress_runner.js:2407:12)\n    at _drainQueue (http://localhost:52490/__cypress/runner/cypress_runner.js:2400:9)\n    at Async._drainQueues (http://localhost:52490/__cypress/runner/cypress_runner.js:2416:5)\n    at Async.drainQueues (http://localhost:52490/__cypress/runner/cypress_runner.js:2286:14)\nFrom Your Spec Code:\n    at Context.eval (webpack://frontend/./cypress/e2e/frontend/user.cy.js:138:7)\n\nFrom Node.js Internals:\n  Error: connect ECONNREFUSED 127.0.0.1:5173\n      at TCPConnectWrap.afterConnect [as oncomplete] (node:net:1495:16)",
                "diff": null
              },
              "uuid": "3e70ecee-8ec6-4daf-8dad-ddff9ee5b18c",
              "parentUUID": "d9fd7290-92f6-4d62-b56c-6d785f0f81b6",
              "isHook": false,
              "skipped": false
            },
            {
              "title": "me as bob",
              "fullTitle": "Page /users/me me as bob",
              "timedOut": null,
              "duration": 747,
              "state": "failed",
              "speed": null,
              "pass": false,
              "fail": true,
              "pending": false,
              "context": null,
              "code": "// Note : Vérifie que le contenu de la page est bien celui de l'utilisateur courant\ncy.visit(`http://localhost:5173/users/me`, {\n  onBeforeLoad: function (window) {\n    window.localStorage.setItem(\"token\", _tokens.bobToken);\n  }\n});\ncy.get(\"[data-test-username]\").should(\"contain.text\", \"bob\");\ncy.get(\"[data-test-product]\").should(\"have.length\", 3);",
              "err": {
                "message": "CypressError: `cy.visit()` failed trying to load:\n\nhttp://localhost:5173/users/me\n\nWe attempted to make an http request to this URL but the request failed without a response.\n\nWe received this error at the network level:\n\n  > Error: connect ECONNREFUSED 127.0.0.1:5173\n\nCommon situations why this would fail:\n  - you don't have internet access\n  - you forgot to run / boot your web server\n  - your web server isn't accessible\n  - you have weird network configuration settings on your computer",
                "estack": "CypressError: `cy.visit()` failed trying to load:\n\nhttp://localhost:5173/users/me\n\nWe attempted to make an http request to this URL but the request failed without a response.\n\nWe received this error at the network level:\n\n  > Error: connect ECONNREFUSED 127.0.0.1:5173\n\nCommon situations why this would fail:\n  - you don't have internet access\n  - you forgot to run / boot your web server\n  - your web server isn't accessible\n  - you have weird network configuration settings on your computer\n    at <unknown> (http://localhost:52490/__cypress/runner/cypress_runner.js:131065:74)\n    at visitFailedByErr (http://localhost:52490/__cypress/runner/cypress_runner.js:130463:12)\n    at <unknown> (http://localhost:52490/__cypress/runner/cypress_runner.js:131064:11)\n    at tryCatcher (http://localhost:52490/__cypress/runner/cypress_runner.js:1807:23)\n    at Promise._settlePromiseFromHandler (http://localhost:52490/__cypress/runner/cypress_runner.js:1519:31)\n    at Promise._settlePromise (http://localhost:52490/__cypress/runner/cypress_runner.js:1576:18)\n    at Promise._settlePromise0 (http://localhost:52490/__cypress/runner/cypress_runner.js:1621:10)\n    at Promise._settlePromises (http://localhost:52490/__cypress/runner/cypress_runner.js:1697:18)\n    at _drainQueueStep (http://localhost:52490/__cypress/runner/cypress_runner.js:2407:12)\n    at _drainQueue (http://localhost:52490/__cypress/runner/cypress_runner.js:2400:9)\n    at Async._drainQueues (http://localhost:52490/__cypress/runner/cypress_runner.js:2416:5)\n    at Async.drainQueues (http://localhost:52490/__cypress/runner/cypress_runner.js:2286:14)\nFrom Your Spec Code:\n    at Context.eval (webpack://frontend/./cypress/e2e/frontend/user.cy.js:151:7)\n\nFrom Node.js Internals:\n  Error: connect ECONNREFUSED 127.0.0.1:5173\n      at TCPConnectWrap.afterConnect [as oncomplete] (node:net:1495:16)",
                "diff": null
              },
              "uuid": "0ab566a7-0995-4cae-80c0-818687af00c4",
              "parentUUID": "d9fd7290-92f6-4d62-b56c-6d785f0f81b6",
              "isHook": false,
              "skipped": false
            },
            {
              "title": "me as admin",
              "fullTitle": "Page /users/me me as admin",
              "timedOut": null,
              "duration": 762,
              "state": "failed",
              "speed": null,
              "pass": false,
              "fail": true,
              "pending": false,
              "context": null,
              "code": "// Note : Vérifie que le contenu de la page est bien celui de l'utilisateur courant\ncy.visit(`http://localhost:5173/users/me`, {\n  onBeforeLoad: function (window) {\n    window.localStorage.setItem(\"token\", _tokens.adminToken);\n  }\n});\ncy.get(\"[data-test-username]\").should(\"contain.text\", \"admin\");",
              "err": {
                "message": "CypressError: `cy.visit()` failed trying to load:\n\nhttp://localhost:5173/users/me\n\nWe attempted to make an http request to this URL but the request failed without a response.\n\nWe received this error at the network level:\n\n  > Error: connect ECONNREFUSED 127.0.0.1:5173\n\nCommon situations why this would fail:\n  - you don't have internet access\n  - you forgot to run / boot your web server\n  - your web server isn't accessible\n  - you have weird network configuration settings on your computer",
                "estack": "CypressError: `cy.visit()` failed trying to load:\n\nhttp://localhost:5173/users/me\n\nWe attempted to make an http request to this URL but the request failed without a response.\n\nWe received this error at the network level:\n\n  > Error: connect ECONNREFUSED 127.0.0.1:5173\n\nCommon situations why this would fail:\n  - you don't have internet access\n  - you forgot to run / boot your web server\n  - your web server isn't accessible\n  - you have weird network configuration settings on your computer\n    at <unknown> (http://localhost:52490/__cypress/runner/cypress_runner.js:131065:74)\n    at visitFailedByErr (http://localhost:52490/__cypress/runner/cypress_runner.js:130463:12)\n    at <unknown> (http://localhost:52490/__cypress/runner/cypress_runner.js:131064:11)\n    at tryCatcher (http://localhost:52490/__cypress/runner/cypress_runner.js:1807:23)\n    at Promise._settlePromiseFromHandler (http://localhost:52490/__cypress/runner/cypress_runner.js:1519:31)\n    at Promise._settlePromise (http://localhost:52490/__cypress/runner/cypress_runner.js:1576:18)\n    at Promise._settlePromise0 (http://localhost:52490/__cypress/runner/cypress_runner.js:1621:10)\n    at Promise._settlePromises (http://localhost:52490/__cypress/runner/cypress_runner.js:1697:18)\n    at _drainQueueStep (http://localhost:52490/__cypress/runner/cypress_runner.js:2407:12)\n    at _drainQueue (http://localhost:52490/__cypress/runner/cypress_runner.js:2400:9)\n    at Async._drainQueues (http://localhost:52490/__cypress/runner/cypress_runner.js:2416:5)\n    at Async.drainQueues (http://localhost:52490/__cypress/runner/cypress_runner.js:2286:14)\nFrom Your Spec Code:\n    at Context.eval (webpack://frontend/./cypress/e2e/frontend/user.cy.js:164:7)\n\nFrom Node.js Internals:\n  Error: connect ECONNREFUSED 127.0.0.1:5173\n      at TCPConnectWrap.afterConnect [as oncomplete] (node:net:1495:16)",
                "diff": null
              },
[...]
              "timedOut": null,
              "duration": 101,
              "state": "passed",
              "speed": "fast",
              "pass": true,
              "fail": false,
              "pending": false,
              "context": null,
              "code": "cy.request({\n  url: endpoint,\n  method: \"DELETE\",\n  headers: {\n    Authorization: `Bearer ${_tokens.adminToken}`\n  }\n}).its(\"status\").should(\"equal\", 204);",
              "err": {},
              "uuid": "3ef00eec-094e-4ccf-8cb8-0333b103a59f",
              "parentUUID": "8e8f933a-7110-41a4-80f2-1746ff2e3eed",
              "isHook": false,
              "skipped": false
            },
            {
              "title": "returns 404 - not found",
              "fullTitle": "DELETE /api/products/:productId returns 404 - not found",
              "timedOut": null,
              "duration": 148,
              "state": "passed",
              "speed": "fast",
              "pass": true,
              "fail": false,
              "pending": false,
              "context": null,
              "code": "cy.request({\n  url: \"http://localhost:3000/api/products/not-existing-id\",\n  method: \"DELETE\",\n  headers: {\n    Authorization: `Bearer ${_tokens.aliceToken}`\n  },\n  failOnStatusCode: false\n}).its(\"status\").should(\"equal\", 404);",
              "err": {},
              "uuid": "cca1eea0-6cb7-4bf3-99a5-37306c31e5a5",
              "parentUUID": "8e8f933a-7110-41a4-80f2-1746ff2e3eed",
              "isHook": false,
              "skipped": false
            },
            {
              "title": "check mutation - object deleted in database",
              "fullTitle": "DELETE /api/products/:productId check mutation - object deleted in database",
              "timedOut": null,
              "duration": 148,
              "state": "passed",
              "speed": "fast",
              "pass": true,
              "fail": false,
              "pending": false,
              "context": null,
              "code": "cy.request({\n  url: endpoint,\n  method: \"GET\",\n  headers: {\n    Authorization: `Bearer ${_tokens.aliceToken}`\n  }\n}).then(response => {\n  expect(response.status).to.be.eq(200);\n  cy.request({\n    url: endpoint,\n    method: \"DELETE\",\n    headers: {\n      Authorization: `Bearer ${_tokens.aliceToken}`\n    }\n  }).then(response => {\n    expect(response.status).to.be.eq(204);\n    cy.request({\n      url: endpoint,\n      method: \"GET\",\n      headers: {\n        Authorization: `Bearer ${_tokens.aliceToken}`\n      },\n      failOnStatusCode: false\n    }).then(response => {\n      expect(response.status).to.be.eq(404);\n    });\n  });\n});",
              "err": {},
              "uuid": "b2653fb3-87d1-42b5-93b5-f65d542bc341",
              "parentUUID": "8e8f933a-7110-41a4-80f2-1746ff2e3eed",
              "isHook": false,
              "skipped": false
            }
          ],
          "suites": [],
          "passes": [
            "7b73cbaa-b7eb-4ea5-b4eb-a06590988c1f",
            "7abb991d-f34e-4b16-a4bf-125c67784987",
            "f98721fc-9876-4724-b41e-b34e146e36dc",
            "3ef00eec-094e-4ccf-8cb8-0333b103a59f",
            "cca1eea0-6cb7-4bf3-99a5-37306c31e5a5",
            "b2653fb3-87d1-42b5-93b5-f65d542bc341"
          ],
          "failures": [],
          "pending": [],
          "skipped": [],
          "duration": 826,
          "root": false,
          "rootEmpty": false,
          "_timeout": 2000
        },
        {
          "uuid": "1c026624-4488-464d-a74a-6e2b55a452c6",
          "title": "POST /api/products/:productId/bids",
          "fullFile": "",
          "file": "",
          "beforeHooks": [],
          "afterHooks": [],
          "tests": [
            {
              "title": "returns 401 - not authorized",
              "fullTitle": "POST /api/products/:productId/bids returns 401 - not authorized",
              "timedOut": null,
              "duration": 114,
              "state": "passed",
              "speed": "fast",
              "pass": true,
              "fail": false,
              "pending": false,
              "context": null,
              "code": "cy.request({\n  method: \"POST\",\n  url: \"http://localhost:3000/api/products/a0f7c522-78f8-442e-a55d-642cfe566634/bids\",\n  headers: {\n    Authorization: `Bearer BAD_TOKEN`\n  },\n  body: {\n    name: \"New Product\",\n    description: \"This is a new product\",\n    category: \"Electronics\",\n    originalPrice: 99,\n    pictureUrl: \"https://example.com/product.jpg\",\n    endDate: \"2023-04-01T00:00:00.000Z\"\n  },\n  failOnStatusCode: false\n}).its(\"status\").should(\"equal\", 401);",
              "err": {},
              "uuid": "0a29bd41-f68f-4b33-931c-6f1422a7a0e7",
              "parentUUID": "1c026624-4488-464d-a74a-6e2b55a452c6",
              "isHook": false,
              "skipped": false
            },
            {
              "title": "returns 201 - created",
              "fullTitle": "POST /api/products/:productId/bids returns 201 - created",
              "timedOut": null,
              "duration": 117,
              "state": "passed",
              "speed": "fast",
              "pass": true,
              "fail": false,
              "pending": false,
              "context": null,
              "code": "// Create a new product\ncy.request({\n  method: \"POST\",\n  url: \"http://localhost:3000/api/products/a0f7c522-78f8-442e-a55d-642cfe566634/bids\",\n  headers: {\n    Authorization: `Bearer ${_tokens.aliceToken}`\n  },\n  body: {\n    price: 42\n  }\n}).then(response => {\n  // Assert that the response is as expected\n  expect(response.status).to.eq(201);\n  expect(response.body.id).to.be.match(_pattern.UUIDv4);\n  expect(response.body.productId).to.be.match(_pattern.UUIDv4);\n  expect(response.body.price).to.be.a(\"number\");\n  expect(response.body.date).to.match(_pattern.IOS8601);\n  expect(response.body.bidderId).to.match(_pattern.UUIDv4);\n});",
              "err": {},
              "uuid": "d55a977e-e6da-4423-9ba1-c04c57cde359",
              "parentUUID": "1c026624-4488-464d-a74a-6e2b55a452c6",
              "isHook": false,
              "skipped": false
            },
            {
              "title": "returns 400 - missing or invalid fields",
              "fullTitle": "POST /api/products/:productId/bids returns 400 - missing or invalid fields",
              "timedOut": null,
              "duration": 132,
              "state": "passed",
              "speed": "fast",
              "pass": true,
              "fail": false,
              "pending": false,
              "context": null,
              "code": "// Create a new product\ncy.request({\n  method: \"POST\",\n  url: \"http://localhost:3000/api/products/a0f7c522-78f8-442e-a55d-642cfe566634/bids\",\n  headers: {\n    Authorization: `Bearer ${_tokens.aliceToken}`\n  },\n  body: {\n    // price: 42, missing\n  },\n  failOnStatusCode: false\n}).then(req => {\n  expect(req.status).to.be.eq(400);\n  expect(req.body.error).to.be.eq(\"Invalid or missing fields\");\n  expect(req.body.details).to.exist;\n});",
              "err": {},
              "uuid": "c3a7f5a6-d5ef-49f2-aef0-0184690c78fe",
              "parentUUID": "1c026624-4488-464d-a74a-6e2b55a452c6",
              "isHook": false,
              "skipped": false
            },
            {
              "title": "check mutation - object created in database",
              "fullTitle": "POST /api/products/:productId/bids check mutation - object created in database",
              "timedOut": null,
              "duration": 96,
              "state": "passed",
              "speed": "fast",
              "pass": true,
              "fail": false,
              "pending": false,
              "context": null,
              "code": "cy.request({\n  method: \"POST\",\n  url: \"http://localhost:3000/api/products/a0f7c522-78f8-442e-a55d-642cfe566634/bids\",\n  headers: {\n    Authorization: `Bearer ${_tokens.aliceToken}`\n  },\n  body: {\n    price: 42\n  }\n}).then(response => {\n  expect(response.status).to.be.eq(201);\n  const newBid = response.body;\n  cy.request(\"http://localhost:3000/api/products/a0f7c522-78f8-442e-a55d-642cfe566634\").then(response => {\n    const product = response.body;\n    expect(product.bids.some(bid => bid.id === newBid.id)).to.be.true;\n  });\n});",
              "err": {},
              "uuid": "775075f6-94dc-4b3e-9fa2-3e6be0745d1d",
              "parentUUID": "1c026624-4488-464d-a74a-6e2b55a452c6",
              "isHook": false,
              "skipped": false
            }
          ],
          "suites": [],
          "passes": [
            "0a29bd41-f68f-4b33-931c-6f1422a7a0e7",
            "d55a977e-e6da-4423-9ba1-c04c57cde359",
            "c3a7f5a6-d5ef-49f2-aef0-0184690c78fe",
            "775075f6-94dc-4b3e-9fa2-3e6be0745d1d"
          ],
          "failures": [],
          "pending": [],
          "skipped": [],
          "duration": 459,
          "root": false,
          "rootEmpty": false,
          "_timeout": 2000
        },
        {
          "uuid": "9dcc8e01-b1b8-4214-b336-dcdde5dfb5ca",
          "title": "DELETE /bids/:bidId",
          "fullFile": "",
          "file": "",
          "beforeHooks": [],
          "afterHooks": [],
          "tests": [
            {
              "title": "returns 401 - not authorized",
              "fullTitle": "DELETE /bids/:bidId returns 401 - not authorized",
              "timedOut": null,
              "duration": 106,
              "state": "passed",
              "speed": "fast",
              "pass": true,
              "fail": false,
              "pending": false,
              "context": null,
              "code": "cy.request({\n  method: \"DELETE\",\n  url: endpoint,\n  headers: {\n    Authorization: `Bearer BAD_TOKEN`\n  },\n  failOnStatusCode: false\n}).its(\"status\").should(\"equal\", 401);",
              "err": {},
              "uuid": "a4531871-c0b8-4fdb-a366-953d656c5a58",
              "parentUUID": "9dcc8e01-b1b8-4214-b336-dcdde5dfb5ca",
              "isHook": false,
              "skipped": false
            },
            {
              "title": "returns 204 - success, when owner edit",
              "fullTitle": "DELETE /bids/:bidId returns 204 - success, when owner edit",
              "timedOut": null,
              "duration": 127,
              "state": "passed",
              "speed": "fast",
              "pass": true,
              "fail": false,
              "pending": false,
              "context": null,
              "code": "cy.request({\n  url: endpoint,\n  method: \"DELETE\",\n  headers: {\n    Authorization: `Bearer ${_tokens.charlyToken}`\n  }\n}).its(\"status\").should(\"equal\", 204);",
              "err": {},
              "uuid": "62015649-bd1b-47c4-8fd7-e6b6d88dea65",
              "parentUUID": "9dcc8e01-b1b8-4214-b336-dcdde5dfb5ca",
              "isHook": false,
              "skipped": false
            },
            {
              "title": "returns 403 - forbidden, when non owner edit",
              "fullTitle": "DELETE /bids/:bidId returns 403 - forbidden, when non owner edit",
              "timedOut": null,
              "duration": 126,
              "state": "passed",
              "speed": "fast",
              "pass": true,
              "fail": false,
              "pending": false,
              "context": null,
              "code": "cy.request({\n  url: endpoint,\n  method: \"DELETE\",\n  headers: {\n    Authorization: `Bearer ${_tokens.bobToken}`\n  },\n  failOnStatusCode: false\n}).its(\"status\").should(\"equal\", 403);",
              "err": {},
              "uuid": "f7d13636-118c-408a-b9a8-be98eda119c8",
              "parentUUID": "9dcc8e01-b1b8-4214-b336-dcdde5dfb5ca",
              "isHook": false,
              "skipped": false
            },
            {
              "title": "returns 204 - success, when admin edit",
              "fullTitle": "DELETE /bids/:bidId returns 204 - success, when admin edit",
              "timedOut": null,
              "duration": 126,
              "state": "passed",
              "speed": "fast",
              "pass": true,
              "fail": false,
              "pending": false,
              "context": null,
              "code": "cy.request({\n  url: endpoint,\n  method: \"DELETE\",\n  headers: {\n    Authorization: `Bearer ${_tokens.adminToken}`\n  }\n}).its(\"status\").should(\"equal\", 204);",
              "err": {},
              "uuid": "c8b1e89e-fdca-440d-a925-b0216d2d8501",
              "parentUUID": "9dcc8e01-b1b8-4214-b336-dcdde5dfb5ca",
              "isHook": false,
              "skipped": false
            },
            {
              "title": "returns 404 - not found",
              "fullTitle": "DELETE /bids/:bidId returns 404 - not found",
              "timedOut": null,
              "duration": 128,
              "state": "passed",
              "speed": "fast",
              "pass": true,
              "fail": false,
              "pending": false,
              "context": null,
              "code": "cy.request({\n  url: \"http://localhost:3000/api/products/not-existing-id\",\n  method: \"DELETE\",\n  headers: {\n    Authorization: `Bearer ${_tokens.aliceToken}`\n  },\n  failOnStatusCode: false\n}).its(\"status\").should(\"equal\", 404);",
              "err": {},
              "uuid": "c2ce58ba-eb3b-4e95-8105-bef742e963b8",
              "parentUUID": "9dcc8e01-b1b8-4214-b336-dcdde5dfb5ca",
              "isHook": false,
              "skipped": false
            },
            {
              "title": "check mutation - object deleted in database",
              "fullTitle": "DELETE /bids/:bidId check mutation - object deleted in database",
              "timedOut": null,
              "duration": 132,
              "state": "passed",
              "speed": "fast",
              "pass": true,
              "fail": false,
              "pending": false,
              "context": null,
              "code": "cy.request({\n  url: \"http://localhost:3000/api/products/a0f7c522-78f8-442e-a55d-642cfe566634\",\n  method: \"GET\",\n  headers: {\n    Authorization: `Bearer ${_tokens.aliceToken}`\n  }\n}).then(response => {\n  const product = response.body;\n  expect(product.bids.some(bid => bid.id === \"8ccc6e79-f3c9-43e9-b47e-5be7b84d8de7\")).to.be.true;\n  cy.request({\n    url: endpoint,\n    method: \"DELETE\",\n    headers: {\n      Authorization: `Bearer ${_tokens.charlyToken}`\n    }\n  }).then(response => {\n    expect(response.status).to.be.eq(204);\n    cy.request({\n      url: \"http://localhost:3000/api/products/a0f7c522-78f8-442e-a55d-642cfe566634\",\n      method: \"GET\",\n      headers: {\n        Authorization: `Bearer ${_tokens.aliceToken}`\n      },\n      failOnStatusCode: false\n    }).then(response => {\n      const product = response.body;\n      expect(product.bids.some(bid => bid.id === \"8ccc6e79-f3c9-43e9-b47e-5be7b84d8de7\")).to.be.false;\n    });\n  });\n});",
              "err": {},
              "uuid": "fb3558eb-20a6-4a00-943e-54fc7226fdc9",
              "parentUUID": "9dcc8e01-b1b8-4214-b336-dcdde5dfb5ca",
              "isHook": false,
              "skipped": false
            }
          ],
          "suites": [],
          "passes": [
            "a4531871-c0b8-4fdb-a366-953d656c5a58",
            "62015649-bd1b-47c4-8fd7-e6b6d88dea65",
            "f7d13636-118c-408a-b9a8-be98eda119c8",
            "c8b1e89e-fdca-440d-a925-b0216d2d8501",
            "c2ce58ba-eb3b-4e95-8105-bef742e963b8",
            "fb3558eb-20a6-4a00-943e-54fc7226fdc9"
          ],
          "failures": [],
          "pending": [],
          "skipped": [],
          "duration": 745,
          "root": false,
          "rootEmpty": false,
          "_timeout": 2000
        },
        {
          "uuid": "68e50fa1-1c80-4484-8302-ded6198b80d0",
          "title": "GET /api/users/:userId",
          "fullFile": "",
          "file": "",
          "beforeHooks": [],
          "afterHooks": [],
          "tests": [
            {
              "title": "returns 404 - not found",
              "fullTitle": "GET /api/users/:userId returns 404 - not found",
              "timedOut": null,
              "duration": 147,
              "state": "passed",
              "speed": "fast",
              "pass": true,
              "fail": false,
              "pending": false,
              "context": null,
              "code": "cy.request({\n  url: \"http://localhost:3000/api/users/not-existing-id\",\n  failOnStatusCode: false\n}).its(\"status\").should(\"equal\", 404);",
              "err": {},
              "uuid": "0b3611d1-3f54-4ec2-9bef-7c6119fa80b5",
              "parentUUID": "68e50fa1-1c80-4484-8302-ded6198b80d0",
              "isHook": false,
              "skipped": false
            },
            {
              "title": "returns 200 - success",
              "fullTitle": "GET /api/users/:userId returns 200 - success",
              "timedOut": null,
              "duration": 368,
              "state": "passed",
              "speed": "fast",
              "pass": true,
              "fail": false,
              "pending": false,
              "context": null,
              "code": "cy.request(\"http://localhost:3000/api/users/1f2fadb1-0d7e-47a7-9d5b-ed031d665d3e\").then(response => {\n  expect(response.status).to.be.eq(200);\n  expect(response.headers[\"content-type\"]).to.contains(\"application/json\");\n  const user = response.body;\n  expect(user.id).to.eq(\"1f2fadb1-0d7e-47a7-9d5b-ed031d665d3e\");\n  expect(user.username).to.be.eq(\"alice\");\n  expect(user.admin).to.be.false;\n  for (let product of user.products) {\n    expect(product.id).to.be.a(\"string\");\n    expect(product.id).to.match(_pattern.UUIDv4);\n    expect(product.description).to.be.a(\"string\");\n    expect(product.category).to.be.a(\"string\");\n    expect(product.originalPrice).to.be.a(\"number\");\n    expect(product.pictureUrl).to.be.a(\"string\");\n    expect(product.endDate).to.be.a(\"string\");\n    expect(product.endDate).to.match(_pattern.IOS8601);\n  }\n  for (let bid of user.bids) {\n    expect(bid.id).to.be.a(\"string\");\n    expect(bid.id).to.match(_pattern.UUIDv4);\n    expect(bid.price).to.be.a(\"number\");\n    expect(bid.date).to.be.a(\"string\");\n    expect(bid.date).to.match(_pattern.IOS8601);\n    expect(bid.product.id).to.a(\"string\");\n    expect(bid.product.id).to.match(_pattern.UUIDv4);\n    expect(bid.product.name).to.a(\"string\");\n  }\n});",
              "err": {},
              "uuid": "a2e9b963-b92c-4363-8436-f07e4fe89dc7",
              "parentUUID": "68e50fa1-1c80-4484-8302-ded6198b80d0",
              "isHook": false,
              "skipped": false
            }
          ],
          "suites": [],
          "passes": [
            "0b3611d1-3f54-4ec2-9bef-7c6119fa80b5",
            "a2e9b963-b92c-4363-8436-f07e4fe89dc7"
          ],
          "failures": [],
          "pending": [],
          "skipped": [],
          "duration": 515,
          "root": false,
          "rootEmpty": false,
          "_timeout": 2000
        }
      ],
      "passes": [],
      "failures": [],
      "pending": [],
      "skipped": [],
      "duration": 0,
      "root": true,
      "rootEmpty": true,
      "_timeout": 2000
    }
  ],
  "meta": {
    "mocha": {
      "version": "7.0.1"
    },
    "mochawesome": {
      "options": {
        "quiet": false,
        "reportFilename": "mochawesome",
        "saveHtml": false,
        "saveJson": true,
        "consoleReporter": "spec",
        "useInlineDiffs": false,
        "code": true
      },
      "version": "7.1.3"
    },
    "marge": {
      "options": {
        "reportDir": "cypress/results",
        "overwrite": false,
        "html": false,
        "json": true
      },
      "version": "6.2.0"
    }
  }
}